<?xml version="1.0" encoding="UTF-8"?>
<testsuite name="com.bridgelabz.UserRegistrationtest" tests="1" skipped="0" failures="0" errors="0" timestamp="2021-04-10T03:27:16" hostname="DESKTOP-011U31P" time="0.069">
  <properties/>
  <testcase name="givenFirstName_WhenProper_ShouldReturnTrue()" classname="com.bridgelabz.UserRegistrationtest" time="0.069"/>
  <system-out><![CDATA[]]></system-out>
  <system-err><![CDATA[]]></system-err>
</testsuite>
